nohup: ignoring input
Dataset:  photo
Training Counter({np.int64(0): 2031, np.int64(1): 229})
Test Counter({np.int64(0): 4125, np.int64(1): 397})
Training rate 0.5
Adj sum: 238163.0
Starting Community Detection (Loading from cache)...
Loading from ./dataset/partition/photo_partition.pkl ...
success : 0.0010 s
Detected 34 communities.
Community risk scores: tensor([0.0240, 0.1493, 0.1180, 0.0716, 0.1493, 0.1739, 0.0153, 0.0000, 0.1493,
        0.0267, 0.1493, 0.1493, 0.0908, 0.0709, 0.2447, 0.0470, 1.0000, 0.1493,
        0.1493, 0.1493, 0.1493, 0.1493, 0.1493, 0.1493, 0.1493, 0.1493, 0.1493,
        0.1493, 0.1493, 0.1493, 0.1493, 0.0585, 0.1493, 0.1493],
       dtype=torch.float64)
Total Community Step Time: 1.39s
Converting partition dict to tensor...
Partition & Risks moved to cuda
Using CUDA

  0%|          | 0/500 [00:00<?, ?it/s]
Training:   0%|          | 0/500 [00:00<?, ?it/s]Total time is 0.49132204055786133
Epoch: 0000 train_loss_bce= 0.65215
Epoch: 0000 train_loss= 0.65215
=====================================================================
Testing photo AUC:0.6066
Testing AP: 0.109341440600917
Total time is 0.5081658363342285
Total time is 0.5267350673675537
Epoch: 0002 train_loss_bce= 0.41193
Epoch: 0002 train_loss= 0.41193
=====================================================================
Total time is 0.5440351963043213
Total time is 0.5623912811279297
Epoch: 0004 train_loss_bce= 0.48485
Epoch: 0004 train_loss= 0.48485
=====================================================================
Total time is 0.5793337821960449
Total time is 0.5976371765136719
Epoch: 0006 train_loss_bce= 0.40564
Epoch: 0006 train_loss= 0.40564
=====================================================================
Total time is 0.6147422790527344
Total time is 0.6335570812225342
Epoch: 0008 train_loss_bce= 0.42722
Epoch: 0008 train_loss= 0.42722
=====================================================================
Total time is 0.650763988494873
Total time is 0.6751596927642822
Epoch: 0010 train_loss_bce= 0.41461
Epoch: 0010 train_loss= 0.41461
=====================================================================
Testing photo AUC:0.6509
Testing AP: 0.13113867166362203
Total time is 0.6923353672027588
Total time is 0.7107727527618408
Epoch: 0012 train_loss_bce= 0.40655
Epoch: 0012 train_loss= 0.40655
=====================================================================
Total time is 0.7278532981872559
Total time is 0.7463493347167969
Epoch: 0014 train_loss_bce= 0.40567
Epoch: 0014 train_loss= 0.40567
=====================================================================
Total time is 0.7637815475463867
Total time is 0.7828984260559082
Epoch: 0016 train_loss_bce= 0.39976
Epoch: 0016 train_loss= 0.39976
=====================================================================
Total time is 0.801837682723999
Total time is 0.8221628665924072
Epoch: 0018 train_loss_bce= 0.38229
Epoch: 0018 train_loss= 0.38229
=====================================================================
Total time is 0.8409996032714844
Total time is 0.860374927520752
Epoch: 0020 train_loss_bce= 0.39304
Epoch: 0020 train_loss= 0.39304
=====================================================================
Testing photo AUC:0.7999
Testing AP: 0.4258261766276121
Total time is 0.8771829605102539
Total time is 0.8979640007019043
Epoch: 0022 train_loss_bce= 0.36284
Epoch: 0022 train_loss= 0.36284
=====================================================================
Total time is 0.9159984588623047
Total time is 0.9351294040679932
Epoch: 0024 train_loss_bce= 0.34630
Epoch: 0024 train_loss= 0.34630
=====================================================================
Total time is 0.954193115234375
Total time is 0.9734539985656738
Epoch: 0026 train_loss_bce= 0.33810
Epoch: 0026 train_loss= 0.33810
=====================================================================
Total time is 0.9906153678894043
Total time is 1.0090136528015137
Epoch: 0028 train_loss_bce= 0.33256
Epoch: 0028 train_loss= 0.33256
=====================================================================
Total time is 1.0262629985809326
Total time is 1.0446867942810059
Epoch: 0030 train_loss_bce= 0.32210
Epoch: 0030 train_loss= 0.32210
=====================================================================
Testing photo AUC:0.8588
Testing AP: 0.6592929616266463
Total time is 1.061500072479248
Total time is 1.079956293106079
Epoch: 0032 train_loss_bce= 0.35233
Epoch: 0032 train_loss= 0.35233
=====================================================================
Total time is 1.0975723266601562
Total time is 1.1168944835662842
Epoch: 0034 train_loss_bce= 0.34800
Epoch: 0034 train_loss= 0.34800
=====================================================================
Total time is 1.1358363628387451
Total time is 1.1557395458221436
Epoch: 0036 train_loss_bce= 0.31784
Epoch: 0036 train_loss= 0.31784
=====================================================================
Total time is 1.1746275424957275
Total time is 1.1940038204193115
Epoch: 0038 train_loss_bce= 0.35218
Epoch: 0038 train_loss= 0.35218
=====================================================================
Total time is 1.2111320495605469
Total time is 1.2296011447906494
Epoch: 0040 train_loss_bce= 0.34211
Epoch: 0040 train_loss= 0.34211
=====================================================================
Testing photo AUC:0.8912
Testing AP: 0.6993101118143686
Total time is 1.246368408203125
Total time is 1.264805793762207
Epoch: 0042 train_loss_bce= 0.32968
Epoch: 0042 train_loss= 0.32968
=====================================================================
Total time is 1.28239107131958
Total time is 1.3017237186431885
Epoch: 0044 train_loss_bce= 0.32930
Epoch: 0044 train_loss= 0.32930
=====================================================================
Total time is 1.3209540843963623
Total time is 1.3410370349884033
Epoch: 0046 train_loss_bce= 0.32200
Epoch: 0046 train_loss= 0.32200
=====================================================================
Total time is 1.3598535060882568
Total time is 1.3792169094085693
Epoch: 0048 train_loss_bce= 0.30609
Epoch: 0048 train_loss= 0.30609
=====================================================================
Total time is 1.3968064785003662
Total time is 1.4158580303192139
Epoch: 0050 train_loss_bce= 0.30886
Epoch: 0050 train_loss= 0.30886
=====================================================================
Testing photo AUC:0.9128
Testing AP: 0.7397666591676266
Total time is 1.432563304901123
Total time is 1.4510972499847412
Epoch: 0052 train_loss_bce= 0.26478
Epoch: 0052 train_loss= 0.26478
=====================================================================
Total time is 1.4701564311981201
Total time is 1.4896199703216553
Epoch: 0054 train_loss_bce= 0.28787
Epoch: 0054 train_loss= 0.28787
=====================================================================
Total time is 1.5070350170135498
Total time is 1.5256164073944092
Epoch: 0056 train_loss_bce= 0.25726
Epoch: 0056 train_loss= 0.25726
=====================================================================
Total time is 1.5426392555236816
Total time is 1.5611674785614014
Epoch: 0058 train_loss_bce= 0.29465
Epoch: 0058 train_loss= 0.29465
=====================================================================
Total time is 1.5783164501190186
Total time is 1.5968587398529053
Epoch: 0060 train_loss_bce= 0.33573
Epoch: 0060 train_loss= 0.33573
=====================================================================
Testing photo AUC:0.9156
Testing AP: 0.7430344266055932
Total time is 1.6136713027954102
Total time is 1.6321265697479248
Epoch: 0062 train_loss_bce= 0.29131
Epoch: 0062 train_loss= 0.29131
=====================================================================
Total time is 1.6494364738464355
Total time is 1.668473720550537
Epoch: 0064 train_loss_bce= 0.28228
Epoch: 0064 train_loss= 0.28228
=====================================================================
Total time is 1.686638593673706
Total time is 1.7060949802398682
Epoch: 0066 train_loss_bce= 0.31198
Epoch: 0066 train_loss= 0.31198
=====================================================================
Total time is 1.725271463394165
Total time is 1.7445547580718994
Epoch: 0068 train_loss_bce= 0.27162
Epoch: 0068 train_loss= 0.27162
=====================================================================
Total time is 1.7632005214691162
Total time is 1.7823734283447266
Epoch: 0070 train_loss_bce= 0.26666
Epoch: 0070 train_loss= 0.26666
=====================================================================
Testing photo AUC:0.9340
Testing AP: 0.8032445971089096
Total time is 1.799107313156128
Total time is 1.8175170421600342
Epoch: 0072 train_loss_bce= 0.28001
Epoch: 0072 train_loss= 0.28001
=====================================================================
Total time is 1.8352303504943848
Total time is 1.854475975036621
Epoch: 0074 train_loss_bce= 0.29618
Epoch: 0074 train_loss= 0.29618
=====================================================================
Total time is 1.8732004165649414
Total time is 1.8929343223571777
Epoch: 0076 train_loss_bce= 0.31130
Epoch: 0076 train_loss= 0.31130
=====================================================================
Total time is 1.911484956741333
Total time is 1.9306042194366455
Epoch: 0078 train_loss_bce= 0.31921
Epoch: 0078 train_loss= 0.31921
=====================================================================
Total time is 1.9478058815002441
Total time is 1.9664874076843262
Epoch: 0080 train_loss_bce= 0.29884
Epoch: 0080 train_loss= 0.29884
=====================================================================
Testing photo AUC:0.8865
Testing AP: 0.6966075723182559
Total time is 1.9832837581634521
Total time is 2.0017201900482178
Epoch: 0082 train_loss_bce= 0.30344
Epoch: 0082 train_loss= 0.30344
=====================================================================
Total time is 2.0190534591674805
Total time is 2.038007974624634
Epoch: 0084 train_loss_bce= 0.31290
Epoch: 0084 train_loss= 0.31290
=====================================================================
Total time is 2.0561470985412598
Total time is 2.075859785079956
Epoch: 0086 train_loss_bce= 0.29667
Epoch: 0086 train_loss= 0.29667
=====================================================================
Total time is 2.0950541496276855
Total time is 2.1150310039520264
Epoch: 0088 train_loss_bce= 0.25469
Epoch: 0088 train_loss= 0.25469
=====================================================================
Total time is 2.1327455043792725
Total time is 2.151423931121826
Epoch: 0090 train_loss_bce= 0.30331
Epoch: 0090 train_loss= 0.30331
=====================================================================
Testing photo AUC:0.9457
Testing AP: 0.825216430864996
Total time is 2.168858051300049
Total time is 2.187737226486206
Epoch: 0092 train_loss_bce= 0.33177
Epoch: 0092 train_loss= 0.33177
=====================================================================
Total time is 2.2075066566467285
Total time is 2.2301130294799805
Epoch: 0094 train_loss_bce= 0.37330
Epoch: 0094 train_loss= 0.37330
=====================================================================
Total time is 2.250723361968994
Total time is 2.2727725505828857
Epoch: 0096 train_loss_bce= 0.29443
Epoch: 0096 train_loss= 0.29443
=====================================================================
Total time is 2.291855812072754
Total time is 2.3111190795898438
Epoch: 0098 train_loss_bce= 0.32590
Epoch: 0098 train_loss= 0.32590
=====================================================================
Total time is 2.329172134399414
Total time is 2.348167657852173
Epoch: 0100 train_loss_bce= 0.31888
Epoch: 0100 train_loss= 0.31888
=====================================================================
Testing photo AUC:0.9051
Testing AP: 0.7313336372425765
Total time is 2.365039348602295
Total time is 2.38336181640625
Epoch: 0102 train_loss_bce= 0.32373
Epoch: 0102 train_loss= 0.32373
=====================================================================
Total time is 2.4021739959716797
Total time is 2.4216153621673584
Epoch: 0104 train_loss_bce= 0.27180
Epoch: 0104 train_loss= 0.27180
=====================================================================
Total time is 2.4388937950134277
Total time is 2.4572594165802
Epoch: 0106 train_loss_bce= 0.27270
Epoch: 0106 train_loss= 0.27270
=====================================================================
Total time is 2.4740970134735107
Total time is 2.492523193359375
Epoch: 0108 train_loss_bce= 0.27811
Epoch: 0108 train_loss= 0.27811
=====================================================================
Total time is 2.5095531940460205
Total time is 2.5281078815460205
Epoch: 0110 train_loss_bce= 0.27162
Epoch: 0110 train_loss= 0.27162
=====================================================================
Testing photo AUC:0.9373
Testing AP: 0.8167153360060749
Total time is 2.5449717044830322
Total time is 2.5634329319000244
Epoch: 0112 train_loss_bce= 0.27481
Epoch: 0112 train_loss= 0.27481
=====================================================================
Total time is 2.580815553665161
Total time is 2.5999152660369873
Epoch: 0114 train_loss_bce= 0.28205
Epoch: 0114 train_loss= 0.28205
=====================================================================
Total time is 2.618375778198242
Total time is 2.6380462646484375
Epoch: 0116 train_loss_bce= 0.27325
Epoch: 0116 train_loss= 0.27325
=====================================================================
Total time is 2.657155990600586
Total time is 2.6762969493865967
Epoch: 0118 train_loss_bce= 0.25879
Epoch: 0118 train_loss= 0.25879
=====================================================================
Total time is 2.69387149810791
Total time is 2.7128448486328125
Epoch: 0120 train_loss_bce= 0.27567
Epoch: 0120 train_loss= 0.27567
=====================================================================
Testing photo AUC:0.9404
Testing AP: 0.816152786044403
Total time is 2.729475975036621
Total time is 2.747985363006592
Epoch: 0122 train_loss_bce= 0.26872
Epoch: 0122 train_loss= 0.26872
=====================================================================
Total time is 2.7651517391204834
Total time is 2.7851991653442383
Epoch: 0124 train_loss_bce= 0.26516
Epoch: 0124 train_loss= 0.26516
=====================================================================
Total time is 2.802777051925659
Total time is 2.8221023082733154
Epoch: 0126 train_loss_bce= 0.26395
Epoch: 0126 train_loss= 0.26395
=====================================================================
Total time is 2.848196506500244
Total time is 2.8673272132873535
Epoch: 0128 train_loss_bce= 0.24214
Epoch: 0128 train_loss= 0.24214
=====================================================================
Total time is 2.886618137359619
Total time is 2.9058837890625
Epoch: 0130 train_loss_bce= 0.25125
Epoch: 0130 train_loss= 0.25125
=====================================================================
Testing photo AUC:0.9476
Testing AP: 0.8374770020118314
Total time is 2.9228594303131104
Total time is 2.941284656524658
Epoch: 0132 train_loss_bce= 0.25463
Epoch: 0132 train_loss= 0.25463
=====================================================================
Total time is 2.959237575531006
Total time is 2.978624105453491
Epoch: 0134 train_loss_bce= 0.25386
Epoch: 0134 train_loss= 0.25386
=====================================================================
Total time is 2.9967291355133057
Total time is 3.0165226459503174
Epoch: 0136 train_loss_bce= 0.23632
Epoch: 0136 train_loss= 0.23632
=====================================================================
Total time is 3.0367431640625
Total time is 3.0559983253479004
Epoch: 0138 train_loss_bce= 0.25834
Epoch: 0138 train_loss= 0.25834
=====================================================================
Total time is 3.0741114616394043
Total time is 3.0929622650146484
Epoch: 0140 train_loss_bce= 0.23788
Epoch: 0140 train_loss= 0.23788
=====================================================================
Testing photo AUC:0.9484
Testing AP: 0.8370354872535736
Total time is 3.109800100326538
Total time is 3.12837553024292
Epoch: 0142 train_loss_bce= 0.25324
Epoch: 0142 train_loss= 0.25324
=====================================================================
Total time is 3.145820140838623
Total time is 3.164903163909912
Epoch: 0144 train_loss_bce= 0.27533
Epoch: 0144 train_loss= 0.27533
=====================================================================
Total time is 3.183311939239502
Total time is 3.203444004058838
Epoch: 0146 train_loss_bce= 0.25134
Epoch: 0146 train_loss= 0.25134
=====================================================================
Total time is 3.2228879928588867
Total time is 3.242687940597534
Epoch: 0148 train_loss_bce= 0.22001
Epoch: 0148 train_loss= 0.22001
=====================================================================
Total time is 3.2600784301757812
Total time is 3.278759002685547
Epoch: 0150 train_loss_bce= 0.26259
Epoch: 0150 train_loss= 0.26259
=====================================================================
Testing photo AUC:0.9472
Testing AP: 0.8461813890489481
Total time is 3.2955167293548584
Total time is 3.3139147758483887
Epoch: 0152 train_loss_bce= 0.21953
Epoch: 0152 train_loss= 0.21953
=====================================================================
Total time is 3.3315048217773438
Total time is 3.350710391998291
Epoch: 0154 train_loss_bce= 0.22861
Epoch: 0154 train_loss= 0.22861
=====================================================================
Total time is 3.3691904544830322
Total time is 3.3887581825256348
Epoch: 0156 train_loss_bce= 0.24119
Epoch: 0156 train_loss= 0.24119
=====================================================================
Total time is 3.408402681350708
Total time is 3.427780866622925
Epoch: 0158 train_loss_bce= 0.19859
Epoch: 0158 train_loss= 0.19859
=====================================================================
Total time is 3.445232391357422
Total time is 3.463939666748047
Epoch: 0160 train_loss_bce= 0.20986
Epoch: 0160 train_loss= 0.20986
=====================================================================
Testing photo AUC:0.9513
Testing AP: 0.8570853228160099
Total time is 3.4805757999420166
Total time is 3.499051332473755
Epoch: 0162 train_loss_bce= 0.21496
Epoch: 0162 train_loss= 0.21496
=====================================================================
Total time is 3.5169057846069336
Total time is 3.5365633964538574
Epoch: 0164 train_loss_bce= 0.22491
Epoch: 0164 train_loss= 0.22491
=====================================================================
Total time is 3.55576753616333
Total time is 3.574786901473999
Epoch: 0166 train_loss_bce= 0.27052
Epoch: 0166 train_loss= 0.27052
=====================================================================
Total time is 3.592493772506714
Total time is 3.6111326217651367
Epoch: 0168 train_loss_bce= 0.35629
Epoch: 0168 train_loss= 0.35629
=====================================================================
Total time is 3.6283628940582275
Total time is 3.64705753326416
Epoch: 0170 train_loss_bce= 0.30800
Epoch: 0170 train_loss= 0.30800
=====================================================================
Testing photo AUC:0.9446
Testing AP: 0.8165905629114547
Total time is 3.663958787918091
Total time is 3.6824824810028076
Epoch: 0172 train_loss_bce= 0.31290
Epoch: 0172 train_loss= 0.31290
=====================================================================
Total time is 3.699746608734131
Total time is 3.7184035778045654
Epoch: 0174 train_loss_bce= 0.30478
Epoch: 0174 train_loss= 0.30478
=====================================================================
Total time is 3.7354249954223633
Total time is 3.7539989948272705
Epoch: 0176 train_loss_bce= 0.27950
Epoch: 0176 train_loss= 0.27950
=====================================================================
Total time is 3.771188974380493
Total time is 3.7897398471832275
Epoch: 0178 train_loss_bce= 0.26697
Epoch: 0178 train_loss= 0.26697
=====================================================================
Total time is 3.8072733879089355
Total time is 3.826319932937622
Epoch: 0180 train_loss_bce= 0.28960
Epoch: 0180 train_loss= 0.28960
=====================================================================
Testing photo AUC:0.9308
Testing AP: 0.8041002728622281
Total time is 3.843062400817871
Total time is 3.862278699874878
Epoch: 0182 train_loss_bce= 0.28475
Epoch: 0182 train_loss= 0.28475
=====================================================================
Total time is 3.8810083866119385
Total time is 3.9001243114471436
Epoch: 0184 train_loss_bce= 0.28905
Epoch: 0184 train_loss= 0.28905
=====================================================================
Total time is 3.918738842010498
Total time is 3.9381000995635986
Epoch: 0186 train_loss_bce= 0.26756
Epoch: 0186 train_loss= 0.26756
=====================================================================
Total time is 3.9554483890533447
Total time is 3.9745607376098633
Epoch: 0188 train_loss_bce= 0.26846
Epoch: 0188 train_loss= 0.26846
=====================================================================
Total time is 3.9927525520324707
Total time is 4.012403249740601
Epoch: 0190 train_loss_bce= 0.27673
Epoch: 0190 train_loss= 0.27673
=====================================================================
Testing photo AUC:0.9530
Testing AP: 0.848433781834746
Total time is 4.029409170150757
Total time is 4.048226833343506
Epoch: 0192 train_loss_bce= 0.26553
Epoch: 0192 train_loss= 0.26553
=====================================================================
Total time is 4.066379070281982
Total time is 4.085980415344238
Epoch: 0194 train_loss_bce= 0.24188
Epoch: 0194 train_loss= 0.24188
=====================================================================
Total time is 4.1050286293029785
Total time is 4.125006675720215
Epoch: 0196 train_loss_bce= 0.24467
Epoch: 0196 train_loss= 0.24467
=====================================================================
Total time is 4.14246940612793
Total time is 4.161123037338257
Epoch: 0198 train_loss_bce= 0.25228
Epoch: 0198 train_loss= 0.25228
=====================================================================
Total time is 4.178068161010742
Total time is 4.196423768997192
Epoch: 0200 train_loss_bce= 0.23530
Epoch: 0200 train_loss= 0.23530
=====================================================================
Testing photo AUC:0.9549
Testing AP: 0.8599558317984091
Total time is 4.213165044784546
Total time is 4.231680154800415
Epoch: 0202 train_loss_bce= 0.24909
Epoch: 0202 train_loss= 0.24909
=====================================================================
Total time is 4.249117612838745
Total time is 4.268229007720947
Epoch: 0204 train_loss_bce= 0.25181
Epoch: 0204 train_loss= 0.25181
=====================================================================
Total time is 4.2866411209106445
Total time is 4.306476593017578
Epoch: 0206 train_loss_bce= 0.25692
Epoch: 0206 train_loss= 0.25692
=====================================================================
Total time is 4.3259313106536865
Total time is 4.345514535903931
Epoch: 0208 train_loss_bce= 0.27935
Epoch: 0208 train_loss= 0.27935
=====================================================================
Total time is 4.362797498703003
Total time is 4.381454944610596
Epoch: 0210 train_loss_bce= 0.25442
Epoch: 0210 train_loss= 0.25442
=====================================================================
Testing photo AUC:0.9581
Testing AP: 0.866031001590237
Total time is 4.398468017578125
Total time is 4.417264699935913
Epoch: 0212 train_loss_bce= 0.25103
Epoch: 0212 train_loss= 0.25103
=====================================================================
Total time is 4.435461521148682
Total time is 4.455263376235962
Epoch: 0214 train_loss_bce= 0.20716
Epoch: 0214 train_loss= 0.20716
=====================================================================
Total time is 4.474385023117065
Total time is 4.493944406509399
Epoch: 0216 train_loss_bce= 0.21443
Epoch: 0216 train_loss= 0.21443
=====================================================================
Total time is 4.511123895645142
Total time is 4.529656171798706
Epoch: 0218 train_loss_bce= 0.20711
Epoch: 0218 train_loss= 0.20711
=====================================================================
Total time is 4.546658754348755
Total time is 4.565019607543945
Epoch: 0220 train_loss_bce= 0.21005
Epoch: 0220 train_loss= 0.21005
=====================================================================
Testing photo AUC:0.9590
Testing AP: 0.8659383963460667
Total time is 4.581831693649292
Total time is 4.600602865219116
Epoch: 0222 train_loss_bce= 0.25534
Epoch: 0222 train_loss= 0.25534
=====================================================================
Total time is 4.617961168289185
Total time is 4.637033939361572
Epoch: 0224 train_loss_bce= 0.29997
Epoch: 0224 train_loss= 0.29997
=====================================================================
Total time is 4.655269622802734
Total time is 4.674889326095581
Epoch: 0226 train_loss_bce= 0.29484
Epoch: 0226 train_loss= 0.29484
=====================================================================
Total time is 4.69399619102478
Total time is 4.713286638259888
Epoch: 0228 train_loss_bce= 0.28095
Epoch: 0228 train_loss= 0.28095
=====================================================================
Total time is 4.731914043426514
Total time is 4.751865863800049
Epoch: 0230 train_loss_bce= 0.23928
Epoch: 0230 train_loss= 0.23928
=====================================================================
Testing photo AUC:0.9513
Testing AP: 0.8393465387924176
Total time is 4.7684712409973145
Total time is 4.787121295928955
Epoch: 0232 train_loss_bce= 0.28690
Epoch: 0232 train_loss= 0.28690
=====================================================================
Total time is 4.804999113082886
Total time is 4.824424743652344
Epoch: 0234 train_loss_bce= 0.26492
Epoch: 0234 train_loss= 0.26492
=====================================================================
Total time is 4.843621015548706
Total time is 4.8630616664886475
Epoch: 0236 train_loss_bce= 0.25307
Epoch: 0236 train_loss= 0.25307
=====================================================================
Total time is 4.890986680984497
Total time is 4.909959077835083
Epoch: 0238 train_loss_bce= 0.22966
Epoch: 0238 train_loss= 0.22966
=====================================================================
Total time is 4.927957534790039
Total time is 4.947343587875366
Epoch: 0240 train_loss_bce= 0.23676
Epoch: 0240 train_loss= 0.23676
=====================================================================
Testing photo AUC:0.9555
Testing AP: 0.8591780801990816
Total time is 4.964156627655029
Total time is 4.982672214508057
Epoch: 0242 train_loss_bce= 0.22193
Epoch: 0242 train_loss= 0.22193
=====================================================================
Total time is 5.00184440612793
Total time is 5.021401643753052
Epoch: 0244 train_loss_bce= 0.20618
Epoch: 0244 train_loss= 0.20618
=====================================================================
Total time is 5.038769960403442
Total time is 5.057632923126221
Epoch: 0246 train_loss_bce= 0.24004
Epoch: 0246 train_loss= 0.24004
=====================================================================
Total time is 5.074779987335205
Total time is 5.09315824508667
Epoch: 0248 train_loss_bce= 0.32316
Epoch: 0248 train_loss= 0.32316
=====================================================================
Total time is 5.110276699066162
Total time is 5.128713607788086
Epoch: 0250 train_loss_bce= 0.80429
Epoch: 0250 train_loss= 0.80429
=====================================================================
Testing photo AUC:0.8649
Testing AP: 0.6069462242931475
Total time is 5.145570516586304
Total time is 5.164085149765015
Epoch: 0252 train_loss_bce= 0.43908
Epoch: 0252 train_loss= 0.43908
=====================================================================
Total time is 5.1816136837005615
Total time is 5.200781583786011
Epoch: 0254 train_loss_bce= 0.32871
Epoch: 0254 train_loss= 0.32871
=====================================================================
Total time is 5.219169855117798
Total time is 5.239177942276001
Epoch: 0256 train_loss_bce= 0.43085
Epoch: 0256 train_loss= 0.43085
=====================================================================
Total time is 5.258756399154663
Total time is 5.278465986251831
Epoch: 0258 train_loss_bce= 0.38061
Epoch: 0258 train_loss= 0.38061
=====================================================================
Total time is 5.295883893966675
Total time is 5.314399719238281
Epoch: 0260 train_loss_bce= 0.33253
Epoch: 0260 train_loss= 0.33253
=====================================================================
Testing photo AUC:0.8295
Testing AP: 0.60426586201868
Total time is 5.331175804138184
Total time is 5.3495869636535645
Epoch: 0262 train_loss_bce= 0.38479
Epoch: 0262 train_loss= 0.38479
=====================================================================
Total time is 5.367109298706055
Total time is 5.386190414428711
Epoch: 0264 train_loss_bce= 0.32265
Epoch: 0264 train_loss= 0.32265
=====================================================================
Total time is 5.404906272888184
Total time is 5.425089359283447
Epoch: 0266 train_loss_bce= 0.30388
Epoch: 0266 train_loss= 0.30388
=====================================================================
Total time is 5.4442901611328125
Total time is 5.464161396026611
Epoch: 0268 train_loss_bce= 0.30124
Epoch: 0268 train_loss= 0.30124
=====================================================================
Total time is 5.481642723083496
Total time is 5.500673532485962
Epoch: 0270 train_loss_bce= 0.28776
Epoch: 0270 train_loss= 0.28776
=====================================================================
Testing photo AUC:0.8911
Testing AP: 0.7289081726719481
Total time is 5.517634391784668
Total time is 5.53656792640686
Epoch: 0272 train_loss_bce= 0.29470
Epoch: 0272 train_loss= 0.29470
=====================================================================
Total time is 5.5552966594696045
Total time is 5.574539661407471
Epoch: 0274 train_loss_bce= 0.30334
Epoch: 0274 train_loss= 0.30334
=====================================================================
Total time is 5.593414068222046
Total time is 5.612695932388306
Epoch: 0276 train_loss_bce= 0.26661
Epoch: 0276 train_loss= 0.26661
=====================================================================
Total time is 5.629875898361206
Total time is 5.6488566398620605
Epoch: 0278 train_loss_bce= 0.27621
Epoch: 0278 train_loss= 0.27621
=====================================================================
Total time is 5.665799140930176
Total time is 5.6842639446258545
Epoch: 0280 train_loss_bce= 0.41920
Epoch: 0280 train_loss= 0.41920
=====================================================================
Testing photo AUC:0.8200
Testing AP: 0.5529032649611197
Total time is 5.70106840133667
Total time is 5.719486951828003
Epoch: 0282 train_loss_bce= 0.71915
Epoch: 0282 train_loss= 0.71915
=====================================================================
Total time is 5.736979722976685
Total time is 5.756352424621582
Epoch: 0284 train_loss_bce= 0.44307
Epoch: 0284 train_loss= 0.44307
=====================================================================
Total time is 5.775011777877808
Total time is 5.795217275619507
Epoch: 0286 train_loss_bce= 0.32944
Epoch: 0286 train_loss= 0.32944
=====================================================================
Total time is 5.814607381820679
Total time is 5.833857297897339
Epoch: 0288 train_loss_bce= 0.36448
Epoch: 0288 train_loss= 0.36448
=====================================================================
Total time is 5.851483106613159
Total time is 5.870549440383911
Epoch: 0290 train_loss_bce= 0.40291
Epoch: 0290 train_loss= 0.40291
=====================================================================
Testing photo AUC:0.9178
Testing AP: 0.7689234818569709
Total time is 5.887279987335205
Total time is 5.906314134597778
Epoch: 0292 train_loss_bce= 0.37390
Epoch: 0292 train_loss= 0.37390
=====================================================================
Total time is 5.92488431930542
Total time is 5.944821119308472
Epoch: 0294 train_loss_bce= 0.32817
Epoch: 0294 train_loss= 0.32817
=====================================================================
Total time is 5.964047431945801
Total time is 5.983187437057495
Epoch: 0296 train_loss_bce= 0.29836
Epoch: 0296 train_loss= 0.29836
=====================================================================
Total time is 6.000578880310059
Total time is 6.019663572311401
Epoch: 0298 train_loss_bce= 0.35776
Epoch: 0298 train_loss= 0.35776
=====================================================================
Total time is 6.037924528121948
Total time is 6.05769681930542
Epoch: 0300 train_loss_bce= 0.30502
Epoch: 0300 train_loss= 0.30502
=====================================================================
Testing photo AUC:0.8561
Testing AP: 0.6477863418098979
Total time is 6.074795484542847
Total time is 6.0931994915008545
Epoch: 0302 train_loss_bce= 0.33115
Epoch: 0302 train_loss= 0.33115
=====================================================================
Total time is 6.110326528549194
Total time is 6.128826379776001
Epoch: 0304 train_loss_bce= 0.30466
Epoch: 0304 train_loss= 0.30466
=====================================================================
Total time is 6.146837472915649
Total time is 6.165003538131714
Epoch: 0306 train_loss_bce= 0.29095
Epoch: 0306 train_loss= 0.29095
=====================================================================
Total time is 6.182107925415039
Total time is 6.200543165206909
Epoch: 0308 train_loss_bce= 0.31122
Epoch: 0308 train_loss= 0.31122
=====================================================================
Total time is 6.218735694885254
Total time is 6.237051248550415
Epoch: 0310 train_loss_bce= 0.28860
Epoch: 0310 train_loss= 0.28860
=====================================================================
Testing photo AUC:0.9183
Testing AP: 0.7811962757258114
Total time is 6.253910064697266
Total time is 6.272364854812622
Epoch: 0312 train_loss_bce= 0.25886
Epoch: 0312 train_loss= 0.25886
=====================================================================
Total time is 6.29013991355896
Total time is 6.309565544128418
Epoch: 0314 train_loss_bce= 0.27021
Epoch: 0314 train_loss= 0.27021
=====================================================================
Total time is 6.328454971313477
Total time is 6.34810471534729
Epoch: 0316 train_loss_bce= 0.26150
Epoch: 0316 train_loss= 0.26150
=====================================================================
Total time is 6.366827011108398
Total time is 6.3859946727752686
Epoch: 0318 train_loss_bce= 0.24059
Epoch: 0318 train_loss= 0.24059
=====================================================================
Total time is 6.405130624771118
Total time is 6.423459053039551
Epoch: 0320 train_loss_bce= 0.29983
Epoch: 0320 train_loss= 0.29983
=====================================================================
Testing photo AUC:0.9483
Testing AP: 0.8480222977264146
Total time is 6.4403626918792725
Total time is 6.458939075469971
Epoch: 0322 train_loss_bce= 0.27217
Epoch: 0322 train_loss= 0.27217
=====================================================================
Total time is 6.476848363876343
Total time is 6.496567487716675
Epoch: 0324 train_loss_bce= 0.25516
Epoch: 0324 train_loss= 0.25516
=====================================================================
Total time is 6.51568865776062
Total time is 6.535207986831665
Epoch: 0326 train_loss_bce= 0.26303
Epoch: 0326 train_loss= 0.26303
=====================================================================
Total time is 6.552423000335693
Total time is 6.571081638336182
Epoch: 0328 train_loss_bce= 0.22955
Epoch: 0328 train_loss= 0.22955
=====================================================================
Total time is 6.588271379470825
Total time is 6.607098579406738
Epoch: 0330 train_loss_bce= 0.23827
Epoch: 0330 train_loss= 0.23827
=====================================================================
Testing photo AUC:0.9496
Testing AP: 0.8568430616519687
Total time is 6.623987436294556
Total time is 6.642553329467773
Epoch: 0332 train_loss_bce= 0.25413
Epoch: 0332 train_loss= 0.25413
=====================================================================
Total time is 6.660168886184692
Total time is 6.679516077041626
Epoch: 0334 train_loss_bce= 0.22465
Epoch: 0334 train_loss= 0.22465
=====================================================================
Total time is 6.698217868804932
Total time is 6.7184529304504395
Epoch: 0336 train_loss_bce= 0.21718
Epoch: 0336 train_loss= 0.21718
=====================================================================
Total time is 6.737971544265747
Total time is 6.757418632507324
Epoch: 0338 train_loss_bce= 0.20897
Epoch: 0338 train_loss= 0.20897
=====================================================================
Total time is 6.774832010269165
Total time is 6.793785333633423
Epoch: 0340 train_loss_bce= 0.24266
Epoch: 0340 train_loss= 0.24266
=====================================================================
Testing photo AUC:0.9544
Testing AP: 0.8632794545703983
Total time is 6.810658931732178
Total time is 6.829591274261475
Epoch: 0342 train_loss_bce= 0.22908
Epoch: 0342 train_loss= 0.22908
=====================================================================
Total time is 6.848354339599609
Total time is 6.867580413818359
Epoch: 0344 train_loss_bce= 0.22603
Epoch: 0344 train_loss= 0.22603
=====================================================================
Total time is 6.886460065841675
Total time is 6.905536651611328
Epoch: 0346 train_loss_bce= 0.24295
Epoch: 0346 train_loss= 0.24295
=====================================================================
Total time is 6.9224631786346436
Total time is 6.940849781036377
Epoch: 0348 train_loss_bce= 0.19181
Epoch: 0348 train_loss= 0.19181
=====================================================================
Total time is 6.95794153213501
Total time is 6.976420164108276
Epoch: 0350 train_loss_bce= 0.21128
Epoch: 0350 train_loss= 0.21128
=====================================================================
Testing photo AUC:0.9448
Testing AP: 0.8522787888215438
Total time is 6.993249893188477
Total time is 7.0117082595825195
Epoch: 0352 train_loss_bce= 0.22193
Epoch: 0352 train_loss= 0.22193
=====================================================================
Total time is 7.029339551925659
Total time is 7.048788785934448
Epoch: 0354 train_loss_bce= 0.19701
Epoch: 0354 train_loss= 0.19701
=====================================================================
Total time is 7.068132400512695
Total time is 7.088151454925537
Epoch: 0356 train_loss_bce= 0.23702
Epoch: 0356 train_loss= 0.23702
=====================================================================
Total time is 7.106553316116333
Total time is 7.12574028968811
Epoch: 0358 train_loss_bce= 0.20892
Epoch: 0358 train_loss= 0.20892
=====================================================================
Total time is 7.142944812774658
Total time is 7.161393642425537
Epoch: 0360 train_loss_bce= 0.22150
Epoch: 0360 train_loss= 0.22150
=====================================================================
Testing photo AUC:0.9500
Testing AP: 0.8542862517562868
Total time is 7.178183317184448
Total time is 7.196601629257202
Epoch: 0362 train_loss_bce= 0.17819
Epoch: 0362 train_loss= 0.17819
=====================================================================
Total time is 7.214264869689941
Total time is 7.2335193157196045
Epoch: 0364 train_loss_bce= 0.18057
Epoch: 0364 train_loss= 0.18057
=====================================================================
Total time is 7.252454996109009
Total time is 7.272659540176392
Epoch: 0366 train_loss_bce= 0.20708
Epoch: 0366 train_loss= 0.20708
=====================================================================
Total time is 7.291370391845703
Total time is 7.3111395835876465
Epoch: 0368 train_loss_bce= 0.84708
Epoch: 0368 train_loss= 0.84708
=====================================================================
Total time is 7.328634262084961
Total time is 7.347573757171631
Epoch: 0370 train_loss_bce= 0.88144
Epoch: 0370 train_loss= 0.88144
=====================================================================
Testing photo AUC:0.8137
Testing AP: 0.4501584994719359
Total time is 7.364346504211426
Total time is 7.3832478523254395
Epoch: 0372 train_loss_bce= 0.51752
Epoch: 0372 train_loss= 0.51752
=====================================================================
Total time is 7.402350902557373
Total time is 7.421780586242676
Epoch: 0374 train_loss_bce= 0.33260
Epoch: 0374 train_loss= 0.33260
=====================================================================
Total time is 7.439174652099609
Total time is 7.457932949066162
Epoch: 0376 train_loss_bce= 0.40084
Epoch: 0376 train_loss= 0.40084
=====================================================================
Total time is 7.474961042404175
Total time is 7.493639230728149
Epoch: 0378 train_loss_bce= 0.42297
Epoch: 0378 train_loss= 0.42297
=====================================================================
Total time is 7.5183165073394775
Total time is 7.533282995223999
Epoch: 0380 train_loss_bce= 0.37875
Epoch: 0380 train_loss= 0.37875
=====================================================================
Testing photo AUC:0.8034
Testing AP: 0.46371942414003486
Total time is 7.550102710723877
Total time is 7.56856894493103
Epoch: 0382 train_loss_bce= 0.35845
Epoch: 0382 train_loss= 0.35845
=====================================================================
Total time is 7.587630033493042
Total time is 7.606997013092041
Epoch: 0384 train_loss_bce= 0.37007
Epoch: 0384 train_loss= 0.37007
=====================================================================
Total time is 7.624489784240723
Total time is 7.643347263336182
Epoch: 0386 train_loss_bce= 0.35713
Epoch: 0386 train_loss= 0.35713
=====================================================================
Total time is 7.661178350448608
Total time is 7.681294202804565
Epoch: 0388 train_loss_bce= 0.34383
Epoch: 0388 train_loss= 0.34383
=====================================================================
Total time is 7.6983582973480225
Total time is 7.717247009277344
Epoch: 0390 train_loss_bce= 0.36587
Epoch: 0390 train_loss= 0.36587
=====================================================================
Testing photo AUC:0.8831
Testing AP: 0.6817498628718411
Total time is 7.737485408782959
Total time is 7.758851051330566
Epoch: 0392 train_loss_bce= 0.33147
Epoch: 0392 train_loss= 0.33147
=====================================================================
Total time is 7.778654336929321
Total time is 7.799728870391846
Epoch: 0394 train_loss_bce= 0.37057
Epoch: 0394 train_loss= 0.37057
=====================================================================
Total time is 7.817219257354736
Total time is 7.83579421043396
Epoch: 0396 train_loss_bce= 0.31825
Epoch: 0396 train_loss= 0.31825
=====================================================================
Total time is 7.85322642326355
Total time is 7.8723530769348145
Epoch: 0398 train_loss_bce= 0.32750
Epoch: 0398 train_loss= 0.32750
=====================================================================
Total time is 7.890673398971558
Total time is 7.910658121109009
Epoch: 0400 train_loss_bce= 0.31908
Epoch: 0400 train_loss= 0.31908
=====================================================================
Testing photo AUC:0.9306
Testing AP: 0.7997737835254218
Total time is 7.927644968032837
Total time is 7.9460813999176025
Epoch: 0402 train_loss_bce= 0.29108
Epoch: 0402 train_loss= 0.29108
=====================================================================
Total time is 7.962987661361694
Total time is 7.981283903121948
Epoch: 0404 train_loss_bce= 0.28774
Epoch: 0404 train_loss= 0.28774
=====================================================================
Total time is 7.998229026794434
Total time is 8.016585350036621
Epoch: 0406 train_loss_bce= 0.28043
Epoch: 0406 train_loss= 0.28043
=====================================================================
Total time is 8.034238338470459
Total time is 8.052843570709229
Epoch: 0408 train_loss_bce= 0.32163
Epoch: 0408 train_loss= 0.32163
=====================================================================
Total time is 8.07137417793274
Total time is 8.090566158294678
Epoch: 0410 train_loss_bce= 0.33218
Epoch: 0410 train_loss= 0.33218
=====================================================================
Testing photo AUC:0.9168
Testing AP: 0.7688118008208008
Total time is 8.107413053512573
Total time is 8.12641453742981
Epoch: 0412 train_loss_bce= 0.26314
Epoch: 0412 train_loss= 0.26314
=====================================================================
Total time is 8.143310308456421
Total time is 8.161648988723755
Epoch: 0414 train_loss_bce= 0.38284
Epoch: 0414 train_loss= 0.38284
=====================================================================
Total time is 8.178497076034546
Total time is 8.196796655654907
Epoch: 0416 train_loss_bce= 0.57665
Epoch: 0416 train_loss= 0.57665
=====================================================================
Total time is 8.213820934295654
Total time is 8.232373237609863
Epoch: 0418 train_loss_bce= 0.43077
Epoch: 0418 train_loss= 0.43077
=====================================================================
Total time is 8.249387264251709
Total time is 8.26777982711792
Epoch: 0420 train_loss_bce= 0.28088
Epoch: 0420 train_loss= 0.28088
=====================================================================
Testing photo AUC:0.9380
Testing AP: 0.8023712758683649
Total time is 8.28446650505066
Total time is 8.302965641021729
Epoch: 0422 train_loss_bce= 0.30392
Epoch: 0422 train_loss= 0.30392
=====================================================================
Total time is 8.32027530670166
Total time is 8.33924913406372
Epoch: 0424 train_loss_bce= 0.30924
Epoch: 0424 train_loss= 0.30924
=====================================================================
Total time is 8.357434272766113
Total time is 8.37758469581604
Epoch: 0426 train_loss_bce= 0.35759
Epoch: 0426 train_loss= 0.35759
=====================================================================
Total time is 8.397189855575562
Total time is 8.416929960250854
Epoch: 0428 train_loss_bce= 0.32774
Epoch: 0428 train_loss= 0.32774
=====================================================================
Total time is 8.434537410736084
Total time is 8.453149318695068
Epoch: 0430 train_loss_bce= 0.31346
Epoch: 0430 train_loss= 0.31346
=====================================================================
Testing photo AUC:0.8791
Testing AP: 0.692571920583276
Total time is 8.469787120819092
Total time is 8.488194227218628
Epoch: 0432 train_loss_bce= 0.32675
Epoch: 0432 train_loss= 0.32675
=====================================================================
Total time is 8.5056312084198
Total time is 8.524678945541382
Epoch: 0434 train_loss_bce= 0.32849
Epoch: 0434 train_loss= 0.32849
=====================================================================
Total time is 8.54308795928955
Total time is 8.563028573989868
Epoch: 0436 train_loss_bce= 0.32800
Epoch: 0436 train_loss= 0.32800
=====================================================================
Total time is 8.582553386688232
Total time is 8.602277278900146
Epoch: 0438 train_loss_bce= 0.31240
Epoch: 0438 train_loss= 0.31240
=====================================================================
Total time is 8.619776487350464
Total time is 8.639583826065063
Epoch: 0440 train_loss_bce= 0.28899
Epoch: 0440 train_loss= 0.28899
=====================================================================
Testing photo AUC:0.8994
Testing AP: 0.7364001920064187
Total time is 8.656326055526733
Total time is 8.674601316452026
Epoch: 0442 train_loss_bce= 0.28901
Epoch: 0442 train_loss= 0.28901
=====================================================================
Total time is 8.69178032875061
Total time is 8.710822343826294
Epoch: 0444 train_loss_bce= 0.28691
Epoch: 0444 train_loss= 0.28691
=====================================================================
Total time is 8.728997945785522
Total time is 8.748630285263062
Epoch: 0446 train_loss_bce= 0.29931
Epoch: 0446 train_loss= 0.29931
=====================================================================
Total time is 8.76769208908081
Total time is 8.787089109420776
Epoch: 0448 train_loss_bce= 0.30067
Epoch: 0448 train_loss= 0.30067
=====================================================================
Total time is 8.805768728256226
Total time is 8.825180530548096
Epoch: 0450 train_loss_bce= 0.25279
Epoch: 0450 train_loss= 0.25279
=====================================================================
Testing photo AUC:0.9422
Testing AP: 0.8290346566170143
Total time is 8.841854333877563
Total time is 8.86013913154602
Epoch: 0452 train_loss_bce= 0.22746
Epoch: 0452 train_loss= 0.22746
=====================================================================
Total time is 8.877631664276123
Total time is 8.896751165390015
Epoch: 0454 train_loss_bce= 0.25218
Epoch: 0454 train_loss= 0.25218
=====================================================================
Total time is 8.915629863739014
Total time is 8.93591022491455
Epoch: 0456 train_loss_bce= 0.24935
Epoch: 0456 train_loss= 0.24935
=====================================================================
Total time is 8.954684734344482
Total time is 8.973641157150269
Epoch: 0458 train_loss_bce= 0.26387
Epoch: 0458 
Training:   0%|          | 0/500 [00:11<?, ?it/s]
train_loss= 0.26387
=====================================================================
Total time is 8.991002798080444
Total time is 9.00988483428955
Epoch: 0460 train_loss_bce= 0.24593
Epoch: 0460 train_loss= 0.24593
=====================================================================
Testing photo AUC:0.9472
Testing AP: 0.8420277140596027
Total time is 9.0281822681427
Total time is 9.046113967895508
Epoch: 0462 train_loss_bce= 0.24092
Epoch: 0462 train_loss= 0.24092
=====================================================================
Total time is 9.061103582382202
Total time is 9.07975149154663
Epoch: 0464 train_loss_bce= 0.23840
Epoch: 0464 train_loss= 0.23840
=====================================================================
Total time is 9.098299503326416
Total time is 9.117609739303589
Epoch: 0466 train_loss_bce= 0.22318
Epoch: 0466 train_loss= 0.22318
=====================================================================
Total time is 9.13665771484375
Total time is 9.15592885017395
Epoch: 0468 train_loss_bce= 0.25575
Epoch: 0468 train_loss= 0.25575
=====================================================================
Total time is 9.173128843307495
Total time is 9.191741943359375
Epoch: 0470 train_loss_bce= 0.25240
Epoch: 0470 train_loss= 0.25240
=====================================================================
Testing photo AUC:0.9498
Testing AP: 0.849677323069726
Total time is 9.20870590209961
Total time is 9.227251768112183
Epoch: 0472 train_loss_bce= 0.20207
Epoch: 0472 train_loss= 0.20207
=====================================================================
Total time is 9.244901418685913
Total time is 9.264319896697998
Epoch: 0474 train_loss_bce= 0.21029
Epoch: 0474 train_loss= 0.21029
=====================================================================
Total time is 9.283505916595459
Total time is 9.303446769714355
Epoch: 0476 train_loss_bce= 0.23033
Epoch: 0476 train_loss= 0.23033
=====================================================================
Total time is 9.322508335113525
Total time is 9.341827869415283
Epoch: 0478 train_loss_bce= 0.22214
Epoch: 0478 train_loss= 0.22214
=====================================================================
Total time is 9.358910083770752
Total time is 9.377340078353882
Epoch: 0480 train_loss_bce= 0.25729
Epoch: 0480 train_loss= 0.25729
=====================================================================
Testing photo AUC:0.9481
Testing AP: 0.84145703058101
Total time is 9.394096851348877
Total time is 9.41248893737793
Epoch: 0482 train_loss_bce= 0.23841
Epoch: 0482 train_loss= 0.23841
=====================================================================
Total time is 9.429971933364868
Total time is 9.44910478591919
Epoch: 0484 train_loss_bce= 0.22470
Epoch: 0484 train_loss= 0.22470
=====================================================================
Total time is 9.46812891960144
Total time is 9.488303184509277
Epoch: 0486 train_loss_bce= 0.23415
Epoch: 0486 train_loss= 0.23415
=====================================================================
Total time is 9.50792145729065
Total time is 9.527882814407349
Epoch: 0488 train_loss_bce= 0.22824
Epoch: 0488 train_loss= 0.22824
=====================================================================
Total time is 9.545915842056274
Total time is 9.565289735794067
Epoch: 0490 train_loss_bce= 0.22498
Epoch: 0490 train_loss= 0.22498
=====================================================================
Testing photo AUC:0.9531
Testing AP: 0.8541744102322307
Total time is 9.582293033599854
Total time is 9.600850582122803
Epoch: 0492 train_loss_bce= 0.21138
Epoch: 0492 train_loss= 0.21138
=====================================================================
Total time is 9.618171453475952
Total time is 9.636772871017456
Epoch: 0494 train_loss_bce= 0.23197
Epoch: 0494 train_loss= 0.23197
=====================================================================
Total time is 9.654271602630615
Total time is 9.672748327255249
Epoch: 0496 train_loss_bce= 0.24334
Epoch: 0496 train_loss= 0.24334
=====================================================================
Total time is 9.690035343170166
Total time is 9.70862627029419
Epoch: 0498 train_loss_bce= 0.27488
Epoch: 0498 train_loss= 0.27488
=====================================================================
Total time is 9.725841760635376
